2026-06-01T02:57:35Z INF Thank you for trying Cloudflare Tunnel. Doing so, without a Cloudflare account, is a quick way to experiment and try it out. However, be aware that these account-less Tunnels have no uptime guarantee, are subject to the Cloudflare Online Services Terms of Use (https://www.cloudflare.com/website-terms/), and Cloudflare reserves the right to investigate your use of Tunnels for violations of such terms. If you intend to use Tunnels in production you should use a pre-created named tunnel by following: https://developers.cloudflare.com/cloudflare-one/connections/connect-apps
2026-06-01T02:57:35Z INF Requesting new quick Tunnel on trycloudflare.com...
2026-06-01T02:57:41Z INF +--------------------------------------------------------------------------------------------+
2026-06-01T02:57:41Z INF |  Your quick Tunnel has been created! Visit it at (it may take some time to be reachable):  |
2026-06-01T02:57:41Z INF |  https://tunes-vegetation-lynn-sub.trycloudflare.com                                       |
2026-06-01T02:57:41Z INF +--------------------------------------------------------------------------------------------+
2026-06-01T02:57:41Z INF Cannot determine default configuration path. No file [config.yml config.yaml] in [~/.cloudflared ~/.cloudflare-warp ~/cloudflare-warp]
2026-06-01T02:57:41Z INF Version 2026.5.2 (Checksum 20b9638f685333d623798e733effbad2487093f15ba592f6c7752360ff3b7ab7)
2026-06-01T02:57:41Z INF GOOS: windows, GOVersion: go1.26.3, GoArch: amd64
2026-06-01T02:57:41Z INF Settings: map[ha-connections:1 protocol:quic url:http://127.0.0.1:8889]
2026-06-01T02:57:41Z INF cloudflared will not automatically update on Windows systems.
2026-06-01T02:57:41Z INF Generated Connector ID: 5f85f061-728f-4a3a-8164-c9ef0ddae836
2026-06-01T02:57:41Z INF Initial protocol quic
2026-06-01T02:57:41Z INF ICMP proxy will use 192.168.0.6 as source for IPv4
2026-06-01T02:57:41Z INF ICMP proxy will use fe80::1165:7d5:65eb:32c in zone Ethernet as source for IPv6
2026-06-01T02:57:41Z INF cloudflared does not support loading the system root certificate pool on Windows. Please use --origin-ca-pool <PATH> to specify the path to the certificate pool
2026-06-01T02:57:41Z INF ICMP proxy will use 192.168.0.6 as source for IPv4
2026-06-01T02:57:41Z INF Tunnel connection curve preferences: [X25519MLKEM768 CurveID(65074) CurveP256] connIndex=0 event=0 ip=198.41.192.167
2026-06-01T02:57:41Z INF ICMP proxy will use fe80::1165:7d5:65eb:32c in zone Ethernet as source for IPv6
2026-06-01T02:57:41Z INF Starting metrics server on 127.0.0.1:20241/metrics
2026-06-01T02:57:41Z INF +-------------------------------------------------------------------------------------+
2026-06-01T02:57:41Z INF |                               CONNECTIVITY PRE-CHECKS                               |
2026-06-01T02:57:41Z INF +-------------------------------------------------------------------------------------+
2026-06-01T02:57:41Z INF |  COMPONENT         TARGET                     STATUS  DETAILS                       |
2026-06-01T02:57:41Z INF |  DNS Resolution    region1.v2.argotunnel.com  PASS    DNS Resolved successfully     |
2026-06-01T02:57:41Z INF |  DNS Resolution    region2.v2.argotunnel.com  PASS    DNS Resolved successfully     |
2026-06-01T02:57:41Z INF |  UDP Connectivity  region1.v2.argotunnel.com  PASS    QUIC connection successful    |
2026-06-01T02:57:41Z INF |  UDP Connectivity  region2.v2.argotunnel.com  PASS    QUIC connection successful    |
2026-06-01T02:57:41Z INF |  TCP Connectivity  region1.v2.argotunnel.com  PASS    HTTP/2 connection successful  |
2026-06-01T02:57:41Z INF |  TCP Connectivity  region2.v2.argotunnel.com  PASS    HTTP/2 connection successful  |
2026-06-01T02:57:41Z INF |  Cloudflare API    api.cloudflare.com:443     PASS    API is reachable              |
2026-06-01T02:57:41Z INF |                                                                                     |
2026-06-01T02:57:41Z INF |  SUMMARY: Environment is healthy. cloudflared will use 'quic' as primary protocol.  |
2026-06-01T02:57:41Z INF +-------------------------------------------------------------------------------------+
2026-06-01T02:57:41Z INF precheck component="DNS Resolution" details="DNS Resolved successfully" run_id=f180020d-75db-4f55-9d3a-a7782137e265 status=pass target=region1.v2.argotunnel.com
2026-06-01T02:57:41Z INF precheck component="DNS Resolution" details="DNS Resolved successfully" run_id=f180020d-75db-4f55-9d3a-a7782137e265 status=pass target=region2.v2.argotunnel.com
2026-06-01T02:57:41Z INF precheck component="UDP Connectivity" details="QUIC connection successful" run_id=f180020d-75db-4f55-9d3a-a7782137e265 status=pass target=region1.v2.argotunnel.com
2026-06-01T02:57:41Z INF precheck component="UDP Connectivity" details="QUIC connection successful" run_id=f180020d-75db-4f55-9d3a-a7782137e265 status=pass target=region2.v2.argotunnel.com
2026-06-01T02:57:41Z INF precheck component="TCP Connectivity" details="HTTP/2 connection successful" run_id=f180020d-75db-4f55-9d3a-a7782137e265 status=pass target=region1.v2.argotunnel.com
2026-06-01T02:57:41Z INF precheck component="TCP Connectivity" details="HTTP/2 connection successful" run_id=f180020d-75db-4f55-9d3a-a7782137e265 status=pass target=region2.v2.argotunnel.com
2026-06-01T02:57:41Z INF precheck component="Cloudflare API" details="API is reachable" run_id=f180020d-75db-4f55-9d3a-a7782137e265 status=pass target=api.cloudflare.com:443
2026-06-01T02:57:41Z INF precheck complete hard_fail=false run_id=f180020d-75db-4f55-9d3a-a7782137e265 suggested_protocol=quic
2026-06-01T02:57:41Z INF Registered tunnel connection connIndex=0 connection=2a03a500-d4cd-4eef-95a2-91ad721929be event=0 ip=198.41.192.167 location=eze02 protocol=quic
